<?xml version="1.0" encoding="UTF-8"?>
<testng-results ignored="0" total="10" passed="10" failed="0" skipped="0">
  <reporter-output>
  </reporter-output>
  <suite started-at="2024-03-04T10:21:02 IST" name="Suite" finished-at="2024-03-04T10:24:35 IST" duration-ms="213478">
    <groups>
      <group name="regression">
        <method signature="TestCase1_UpcomingBikeDetails.clickNewBikes()[pri:0, instance:TestCase.TestCase1_UpcomingBikeDetails@20d525]" name="clickNewBikes" class="TestCase.TestCase1_UpcomingBikeDetails"/>
        <method signature="TestCase1_UpcomingBikeDetails.clickUpcomingBikes()[pri:0, instance:TestCase.TestCase1_UpcomingBikeDetails@20d525]" name="clickUpcomingBikes" class="TestCase.TestCase1_UpcomingBikeDetails"/>
        <method signature="TestCase2_UsedCarsDetails.UsedCarDetails()[pri:0, instance:TestCase.TestCase2_UsedCarsDetails@43c1b556]" name="UsedCarDetails" class="TestCase.TestCase2_UsedCarsDetails"/>
        <method signature="TestCase3_GoogleLogin.verifyLoginPage()[pri:0, instance:TestCase.TestCase3_GoogleLogin@587e5365]" name="verifyLoginPage" class="TestCase.TestCase3_GoogleLogin"/>
        <method signature="TestCase4_GoogleSignup.verifyLoginPage()[pri:0, instance:TestCase.TestCase4_GoogleSignup@22fcf7ab]" name="verifyLoginPage" class="TestCase.TestCase4_GoogleSignup"/>
        <method signature="TestCase1_UpcomingBikeDetails.clickNewBikes()[pri:0, instance:TestCase.TestCase1_UpcomingBikeDetails@d21a74c]" name="clickNewBikes" class="TestCase.TestCase1_UpcomingBikeDetails"/>
        <method signature="TestCase1_UpcomingBikeDetails.clickUpcomingBikes()[pri:0, instance:TestCase.TestCase1_UpcomingBikeDetails@d21a74c]" name="clickUpcomingBikes" class="TestCase.TestCase1_UpcomingBikeDetails"/>
        <method signature="TestCase2_UsedCarsDetails.UsedCarDetails()[pri:0, instance:TestCase.TestCase2_UsedCarsDetails@6e509ffa]" name="UsedCarDetails" class="TestCase.TestCase2_UsedCarsDetails"/>
        <method signature="TestCase3_GoogleLogin.verifyLoginPage()[pri:0, instance:TestCase.TestCase3_GoogleLogin@2898ac89]" name="verifyLoginPage" class="TestCase.TestCase3_GoogleLogin"/>
        <method signature="TestCase4_GoogleSignup.verifyLoginPage()[pri:0, instance:TestCase.TestCase4_GoogleSignup@683dbc2c]" name="verifyLoginPage" class="TestCase.TestCase4_GoogleSignup"/>
      </group> <!-- regression -->
      <group name="smoke">
        <method signature="TestCase1_UpcomingBikeDetails.clickNewBikes()[pri:0, instance:TestCase.TestCase1_UpcomingBikeDetails@20d525]" name="clickNewBikes" class="TestCase.TestCase1_UpcomingBikeDetails"/>
        <method signature="TestCase1_UpcomingBikeDetails.clickUpcomingBikes()[pri:0, instance:TestCase.TestCase1_UpcomingBikeDetails@20d525]" name="clickUpcomingBikes" class="TestCase.TestCase1_UpcomingBikeDetails"/>
        <method signature="TestCase3_GoogleLogin.verifyLoginPage()[pri:0, instance:TestCase.TestCase3_GoogleLogin@587e5365]" name="verifyLoginPage" class="TestCase.TestCase3_GoogleLogin"/>
        <method signature="TestCase1_UpcomingBikeDetails.clickNewBikes()[pri:0, instance:TestCase.TestCase1_UpcomingBikeDetails@d21a74c]" name="clickNewBikes" class="TestCase.TestCase1_UpcomingBikeDetails"/>
        <method signature="TestCase1_UpcomingBikeDetails.clickUpcomingBikes()[pri:0, instance:TestCase.TestCase1_UpcomingBikeDetails@d21a74c]" name="clickUpcomingBikes" class="TestCase.TestCase1_UpcomingBikeDetails"/>
        <method signature="TestCase3_GoogleLogin.verifyLoginPage()[pri:0, instance:TestCase.TestCase3_GoogleLogin@2898ac89]" name="verifyLoginPage" class="TestCase.TestCase3_GoogleLogin"/>
      </group> <!-- smoke -->
      <group name="master">
        <method signature="TestCase1_UpcomingBikeDetails.clickNewBikes()[pri:0, instance:TestCase.TestCase1_UpcomingBikeDetails@20d525]" name="clickNewBikes" class="TestCase.TestCase1_UpcomingBikeDetails"/>
        <method signature="TestCase1_UpcomingBikeDetails.clickUpcomingBikes()[pri:0, instance:TestCase.TestCase1_UpcomingBikeDetails@20d525]" name="clickUpcomingBikes" class="TestCase.TestCase1_UpcomingBikeDetails"/>
        <method signature="TestCase2_UsedCarsDetails.UsedCarDetails()[pri:0, instance:TestCase.TestCase2_UsedCarsDetails@43c1b556]" name="UsedCarDetails" class="TestCase.TestCase2_UsedCarsDetails"/>
        <method signature="TestCase3_GoogleLogin.verifyLoginPage()[pri:0, instance:TestCase.TestCase3_GoogleLogin@587e5365]" name="verifyLoginPage" class="TestCase.TestCase3_GoogleLogin"/>
        <method signature="TestCase4_GoogleSignup.verifyLoginPage()[pri:0, instance:TestCase.TestCase4_GoogleSignup@22fcf7ab]" name="verifyLoginPage" class="TestCase.TestCase4_GoogleSignup"/>
        <method signature="TestCase1_UpcomingBikeDetails.clickNewBikes()[pri:0, instance:TestCase.TestCase1_UpcomingBikeDetails@d21a74c]" name="clickNewBikes" class="TestCase.TestCase1_UpcomingBikeDetails"/>
        <method signature="TestCase1_UpcomingBikeDetails.clickUpcomingBikes()[pri:0, instance:TestCase.TestCase1_UpcomingBikeDetails@d21a74c]" name="clickUpcomingBikes" class="TestCase.TestCase1_UpcomingBikeDetails"/>
        <method signature="TestCase2_UsedCarsDetails.UsedCarDetails()[pri:0, instance:TestCase.TestCase2_UsedCarsDetails@6e509ffa]" name="UsedCarDetails" class="TestCase.TestCase2_UsedCarsDetails"/>
        <method signature="TestCase3_GoogleLogin.verifyLoginPage()[pri:0, instance:TestCase.TestCase3_GoogleLogin@2898ac89]" name="verifyLoginPage" class="TestCase.TestCase3_GoogleLogin"/>
        <method signature="TestCase4_GoogleSignup.verifyLoginPage()[pri:0, instance:TestCase.TestCase4_GoogleSignup@683dbc2c]" name="verifyLoginPage" class="TestCase.TestCase4_GoogleSignup"/>
      </group> <!-- master -->
    </groups>
    <test started-at="2024-03-04T10:21:02 IST" name="ChromeTest" finished-at="2024-03-04T10:22:34 IST" duration-ms="92458">
      <class name="TestCase.TestCase3_GoogleLogin">
        <test-method signature="verifyLoginPage()[pri:0, instance:TestCase.TestCase3_GoogleLogin@587e5365]" started-at="2024-03-04T10:22:14 IST" name="verifyLoginPage" finished-at="2024-03-04T10:22:21 IST" duration-ms="6837" status="PASS">
          <reporter-output>
          </reporter-output>
        </test-method> <!-- verifyLoginPage -->
      </class> <!-- TestCase.TestCase3_GoogleLogin -->
      <class name="TestCase.TestCase1_UpcomingBikeDetails">
        <test-method is-config="true" signature="invokeBrowser(java.lang.String,java.lang.String)[pri:0, instance:TestCase.TestCase1_UpcomingBikeDetails@20d525]" started-at="2024-03-04T10:21:04 IST" name="invokeBrowser" finished-at="2024-03-04T10:21:25 IST" duration-ms="21656" status="PASS">
          <params>
            <param index="0">
              <value>
                <![CDATA[Windows]]>
              </value>
            </param>
            <param index="1">
              <value>
                <![CDATA[chrome]]>
              </value>
            </param>
          </params>
          <reporter-output>
          </reporter-output>
        </test-method> <!-- invokeBrowser -->
        <test-method signature="clickNewBikes()[pri:0, instance:TestCase.TestCase1_UpcomingBikeDetails@20d525]" started-at="2024-03-04T10:21:25 IST" name="clickNewBikes" finished-at="2024-03-04T10:21:32 IST" duration-ms="6278" status="PASS">
          <reporter-output>
          </reporter-output>
        </test-method> <!-- clickNewBikes -->
        <test-method signature="clickUpcomingBikes()[pri:0, instance:TestCase.TestCase1_UpcomingBikeDetails@20d525]" started-at="2024-03-04T10:21:32 IST" name="clickUpcomingBikes" finished-at="2024-03-04T10:21:53 IST" depends-on-methods="TestCase.TestCase1_UpcomingBikeDetails.clickNewBikes" duration-ms="21197" status="PASS">
          <reporter-output>
          </reporter-output>
        </test-method> <!-- clickUpcomingBikes -->
        <test-method is-config="true" signature="tearDown()[pri:0, instance:TestCase.TestCase1_UpcomingBikeDetails@20d525]" started-at="2024-03-04T10:22:32 IST" name="tearDown" finished-at="2024-03-04T10:22:34 IST" duration-ms="1776" status="PASS">
          <reporter-output>
          </reporter-output>
        </test-method> <!-- tearDown -->
      </class> <!-- TestCase.TestCase1_UpcomingBikeDetails -->
      <class name="TestCase.TestCase2_UsedCarsDetails">
        <test-method signature="UsedCarDetails()[pri:0, instance:TestCase.TestCase2_UsedCarsDetails@43c1b556]" started-at="2024-03-04T10:21:54 IST" name="UsedCarDetails" finished-at="2024-03-04T10:22:13 IST" duration-ms="19288" status="PASS">
          <reporter-output>
          </reporter-output>
        </test-method> <!-- UsedCarDetails -->
      </class> <!-- TestCase.TestCase2_UsedCarsDetails -->
      <class name="TestCase.TestCase4_GoogleSignup">
        <test-method signature="verifyLoginPage()[pri:0, instance:TestCase.TestCase4_GoogleSignup@22fcf7ab]" started-at="2024-03-04T10:22:21 IST" name="verifyLoginPage" finished-at="2024-03-04T10:22:32 IST" duration-ms="11008" status="PASS">
          <reporter-output>
          </reporter-output>
        </test-method> <!-- verifyLoginPage -->
      </class> <!-- TestCase.TestCase4_GoogleSignup -->
    </test> <!-- ChromeTest -->
    <test started-at="2024-03-04T10:22:48 IST" name="EdgeTest" finished-at="2024-03-04T10:24:35 IST" duration-ms="107087">
      <class name="TestCase.TestCase3_GoogleLogin">
        <test-method signature="verifyLoginPage()[pri:0, instance:TestCase.TestCase3_GoogleLogin@2898ac89]" started-at="2024-03-04T10:24:09 IST" name="verifyLoginPage" finished-at="2024-03-04T10:24:19 IST" duration-ms="10785" status="PASS">
          <reporter-output>
          </reporter-output>
        </test-method> <!-- verifyLoginPage -->
      </class> <!-- TestCase.TestCase3_GoogleLogin -->
      <class name="TestCase.TestCase1_UpcomingBikeDetails">
        <test-method is-config="true" signature="invokeBrowser(java.lang.String,java.lang.String)[pri:0, instance:TestCase.TestCase1_UpcomingBikeDetails@d21a74c]" started-at="2024-03-04T10:22:48 IST" name="invokeBrowser" finished-at="2024-03-04T10:23:19 IST" duration-ms="31072" status="PASS">
          <params>
            <param index="0">
              <value>
                <![CDATA[Edge]]>
              </value>
            </param>
            <param index="1">
              <value>
                <![CDATA[edge]]>
              </value>
            </param>
          </params>
          <reporter-output>
          </reporter-output>
        </test-method> <!-- invokeBrowser -->
        <test-method signature="clickNewBikes()[pri:0, instance:TestCase.TestCase1_UpcomingBikeDetails@d21a74c]" started-at="2024-03-04T10:23:19 IST" name="clickNewBikes" finished-at="2024-03-04T10:23:26 IST" duration-ms="6361" status="PASS">
          <reporter-output>
          </reporter-output>
        </test-method> <!-- clickNewBikes -->
        <test-method signature="clickUpcomingBikes()[pri:0, instance:TestCase.TestCase1_UpcomingBikeDetails@d21a74c]" started-at="2024-03-04T10:23:26 IST" name="clickUpcomingBikes" finished-at="2024-03-04T10:23:42 IST" depends-on-methods="TestCase.TestCase1_UpcomingBikeDetails.clickNewBikes" duration-ms="16387" status="PASS">
          <reporter-output>
          </reporter-output>
        </test-method> <!-- clickUpcomingBikes -->
        <test-method is-config="true" signature="tearDown()[pri:0, instance:TestCase.TestCase1_UpcomingBikeDetails@d21a74c]" started-at="2024-03-04T10:24:33 IST" name="tearDown" finished-at="2024-03-04T10:24:35 IST" duration-ms="1821" status="PASS">
          <reporter-output>
          </reporter-output>
        </test-method> <!-- tearDown -->
      </class> <!-- TestCase.TestCase1_UpcomingBikeDetails -->
      <class name="TestCase.TestCase2_UsedCarsDetails">
        <test-method signature="UsedCarDetails()[pri:0, instance:TestCase.TestCase2_UsedCarsDetails@6e509ffa]" started-at="2024-03-04T10:23:43 IST" name="UsedCarDetails" finished-at="2024-03-04T10:24:08 IST" duration-ms="25166" status="PASS">
          <reporter-output>
          </reporter-output>
        </test-method> <!-- UsedCarDetails -->
      </class> <!-- TestCase.TestCase2_UsedCarsDetails -->
      <class name="TestCase.TestCase4_GoogleSignup">
        <test-method signature="verifyLoginPage()[pri:0, instance:TestCase.TestCase4_GoogleSignup@683dbc2c]" started-at="2024-03-04T10:24:20 IST" name="verifyLoginPage" finished-at="2024-03-04T10:24:33 IST" duration-ms="13085" status="PASS">
          <reporter-output>
          </reporter-output>
        </test-method> <!-- verifyLoginPage -->
      </class> <!-- TestCase.TestCase4_GoogleSignup -->
    </test> <!-- EdgeTest -->
  </suite> <!-- Suite -->
</testng-results>
